<?xml version="1.0" encoding="UTF-8"?>
<!-- Generated by org.testng.reporters.JUnitReportReporter -->
<testsuite skipped="0" hostname="DESKTOP-3EINJNF" name="com.org.automationpractice.myECommerceProject.HelloWorld" tests="4" failures="0" timestamp="2020-05-19T11:43:10 BST" time="0.011" errors="0">
  <testcase name="LaunchBrowser" time="0.008" classname="com.org.automationpractice.myECommerceProject.HelloWorld"/>
  <system-out/>
  <testcase name="LaunchApplication" time="0.001" classname="com.org.automationpractice.myECommerceProject.HelloWorld"/>
  <system-out/>
  <testcase name="login" time="0.001" classname="com.org.automationpractice.myECommerceProject.HelloWorld"/>
  <system-out/>
  <testcase name="Logout" time="0.001" classname="com.org.automationpractice.myECommerceProject.HelloWorld"/>
  <system-out/>
</testsuite> <!-- com.org.automationpractice.myECommerceProject.HelloWorld -->
