<?xml version="1.0" encoding="UTF-8"?>
<!-- Generated by org.testng.reporters.JUnitReportReporter -->
<testsuite skipped="0" hostname="DESKTOP-3EINJNF" name="com.org.automationpractice.myECommerceProject.TC05_NavigateToSignInRegisterPage" tests="1" failures="0" timestamp="2020-05-20T15:07:24 BST" time="11.066" errors="0">
  <testcase name="Nav2SingInRegisterPage" time="11.066" classname="com.org.automationpractice.myECommerceProject.TC05_NavigateToSignInRegisterPage"/>
  <system-out/>
</testsuite> <!-- com.org.automationpractice.myECommerceProject.TC05_NavigateToSignInRegisterPage -->
