<?xml version="1.0" encoding="UTF-8"?>
<!-- Generated by org.testng.reporters.JUnitReportReporter -->
<testsuite skipped="0" hostname="DESKTOP-3EINJNF" name="com.org.automationpractice.myECommerceProject.TC11_SingIn_ViewPersonalInfoFunctionality_DefaultRecordInfo" tests="2" failures="0" timestamp="2020-05-21T17:06:33 BST" time="26.813" errors="0">
  <testcase name="ViewPersonalInfo_SignInUser" time="18.165" classname="com.org.automationpractice.myECommerceProject.TC11_SingIn_ViewPersonalInfoFunctionality_DefaultRecordInfo"/>
  <system-out/>
  <testcase name="FinalChecks" time="8.648" classname="com.org.automationpractice.myECommerceProject.TC11_SingIn_ViewPersonalInfoFunctionality_DefaultRecordInfo"/>
  <system-out/>
</testsuite> <!-- com.org.automationpractice.myECommerceProject.TC11_SingIn_ViewPersonalInfoFunctionality_DefaultRecordInfo -->
