<?xml version="1.0" encoding="UTF-8"?>
<!-- Generated by org.testng.reporters.JUnitReportReporter -->
<testsuite skipped="0" hostname="DESKTOP-3EINJNF" name="com.org.automationpractice.myECommerceProject.TC01_GenerateCustInfo" tests="1" failures="0" timestamp="2020-05-19T22:46:09 BST" time="0.711" errors="0">
  <testcase name="PerDet_CustGen" time="0.711" classname="com.org.automationpractice.myECommerceProject.TC01_GenerateCustInfo"/>
  <system-out/>
</testsuite> <!-- com.org.automationpractice.myECommerceProject.TC01_GenerateCustInfo -->
