<?xml version="1.0" encoding="UTF-8"?>
<!-- Generated by org.testng.reporters.JUnitReportReporter -->
<testsuite skipped="0" hostname="DESKTOP-3EINJNF" name="MyAccount.TC00_GenerateCustomerDatInExcel" tests="1" failures="0" timestamp="2020-05-23T18:37:25 BST" time="0.734" errors="0">
  <testcase name="CustomerDataGenerationInExcel" time="0.734" classname="MyAccount.TC00_GenerateCustomerDatInExcel"/>
  <system-out/>
</testsuite> <!-- MyAccount.TC00_GenerateCustomerDatInExcel -->
