<?xml version="1.0" encoding="UTF-8"?>
<!-- Generated by org.testng.reporters.JUnitReportReporter -->
<testsuite skipped="0" hostname="DESKTOP-3EINJNF" name="MyAccount.TC001_NavigateToContactUsPage" tests="1" failures="0" timestamp="2020-05-23T16:10:47 BST" time="9.355" errors="0">
  <testcase name="Nav2ContactUsPage" time="9.355" classname="MyAccount.TC001_NavigateToContactUsPage"/>
  <system-out/>
</testsuite> <!-- MyAccount.TC001_NavigateToContactUsPage -->
