<?xml version="1.0" encoding="UTF-8"?>
<!-- Generated by org.testng.reporters.JUnitReportReporter -->
<testsuite skipped="0" hostname="DESKTOP-3EINJNF" name="com.org.automationpractice.myECommerceProject.TC07_CustomerRegistration" tests="2" failures="0" timestamp="2020-05-23T13:08:40 BST" time="37.955" errors="0">
  <testcase name="CustomerRegistration" time="30.926" classname="com.org.automationpractice.myECommerceProject.TC07_CustomerRegistration"/>
  <system-out/>
  <testcase name="FinalChecks" time="7.029" classname="com.org.automationpractice.myECommerceProject.TC07_CustomerRegistration"/>
  <system-out/>
</testsuite> <!-- com.org.automationpractice.myECommerceProject.TC07_CustomerRegistration -->
