<?xml version="1.0" encoding="UTF-8"?>
<!-- Generated by org.testng.reporters.JUnitReportReporter -->
<testsuite skipped="0" hostname="DESKTOP-3EINJNF" name="com.org.automationpractice.myECommerceProject.TC06_HomePageFunctioanlities" tests="1" failures="0" timestamp="2020-05-19T17:32:00 BST" time="23.467" errors="0">
  <testcase name="LaunchApplication" time="23.467" classname="com.org.automationpractice.myECommerceProject.TC06_HomePageFunctioanlities"/>
  <system-out/>
</testsuite> <!-- com.org.automationpractice.myECommerceProject.TC06_HomePageFunctioanlities -->
