<?xml version="1.0" encoding="UTF-8"?>
<!-- Generated by org.testng.reporters.JUnitReportReporter -->
<testsuite skipped="0" hostname="DESKTOP-3EINJNF" name="com.org.automationpractice.myECommerceProject.SearchFunctionality" tests="1" failures="0" timestamp="2020-05-23T12:53:27 BST" time="37.941" errors="0">
  <testcase name="Nav2ContactUsPage" time="37.941" classname="com.org.automationpractice.myECommerceProject.SearchFunctionality"/>
  <system-out/>
</testsuite> <!-- com.org.automationpractice.myECommerceProject.SearchFunctionality -->
