<?xml version="1.0" encoding="UTF-8"?>
<!-- Generated by org.testng.reporters.JUnitReportReporter -->
<testsuite skipped="0" hostname="DESKTOP-3EINJNF" name="MyAccount.TC03_NewUserLoggedIn_CheckOrderHistoryFunctionality_NoRecords" tests="1" failures="0" timestamp="2020-05-23T17:13:19 BST" time="20.890" errors="0">
  <testcase name="OrderHistory_SignInUser" time="20.890" classname="MyAccount.TC03_NewUserLoggedIn_CheckOrderHistoryFunctionality_NoRecords"/>
  <system-out/>
</testsuite> <!-- MyAccount.TC03_NewUserLoggedIn_CheckOrderHistoryFunctionality_NoRecords -->
