<?xml version="1.0" encoding="UTF-8"?>
<!-- Generated by org.testng.reporters.JUnitReportReporter -->
<testsuite skipped="0" hostname="DESKTOP-3EINJNF" name="MyAccount.TC002_NavigateToCartPageWhenEmpty" tests="1" failures="0" timestamp="2020-05-23T16:10:47 BST" time="10.186" errors="0">
  <testcase name="Nav2CartPageWhenEmpty" time="10.186" classname="MyAccount.TC002_NavigateToCartPageWhenEmpty"/>
  <system-out/>
</testsuite> <!-- MyAccount.TC002_NavigateToCartPageWhenEmpty -->
