<?xml version="1.0" encoding="UTF-8"?>
<!-- Generated by org.testng.reporters.JUnitReportReporter -->
<testsuite skipped="0" hostname="DESKTOP-3EINJNF" name="com.org.automationpractice.myECommerceProject.TC09_SignIn_MyCreditSlipsFunctionality_NoRecords" tests="2" failures="0" timestamp="2020-05-21T17:06:33 BST" time="22.820" errors="0">
  <testcase name="MyCreditSlips_SignInUser" time="15.689" classname="com.org.automationpractice.myECommerceProject.TC09_SignIn_MyCreditSlipsFunctionality_NoRecords"/>
  <system-out/>
  <testcase name="FinalChecks" time="7.131" classname="com.org.automationpractice.myECommerceProject.TC09_SignIn_MyCreditSlipsFunctionality_NoRecords"/>
  <system-out/>
</testsuite> <!-- com.org.automationpractice.myECommerceProject.TC09_SignIn_MyCreditSlipsFunctionality_NoRecords -->
