<?xml version="1.0" encoding="UTF-8"?>
<!-- Generated by org.testng.reporters.JUnitReportReporter -->
<testsuite skipped="0" hostname="DESKTOP-3EINJNF" name="BaseScripts.TC01_GenerateCustInfo" tests="1" failures="0" timestamp="2020-05-19T13:24:28 BST" time="0.687" errors="0">
  <testcase name="PerDet_CustGen" time="0.687" classname="BaseScripts.TC01_GenerateCustInfo"/>
  <system-out/>
</testsuite> <!-- BaseScripts.TC01_GenerateCustInfo -->
