<?xml version="1.0" encoding="UTF-8"?>
<!-- Generated by org.testng.reporters.JUnitReportReporter -->
<testsuite skipped="0" hostname="DESKTOP-3EINJNF" name="com.org.automationpractice.myECommerceProject.CheckoutScenario_End2End_RegisteredCustomer_PayByCheck" tests="1" failures="0" timestamp="2020-05-23T18:37:25 BST" time="32.128" errors="0">
  <testcase name="Nav2ContactUsPage" time="32.128" classname="com.org.automationpractice.myECommerceProject.CheckoutScenario_End2End_RegisteredCustomer_PayByCheck"/>
  <system-out/>
</testsuite> <!-- com.org.automationpractice.myECommerceProject.CheckoutScenario_End2End_RegisteredCustomer_PayByCheck -->
