<?xml version="1.0" encoding="UTF-8"?>
<!-- Generated by org.testng.reporters.JUnitReportReporter -->
<testsuite skipped="0" hostname="DESKTOP-3EINJNF" name="MyAccount.TC05_NewUserLoggedIn_MyAddressesFunctionality_DefaultRecord" tests="1" failures="0" timestamp="2020-05-23T17:13:19 BST" time="21.475" errors="0">
  <testcase name="MYAddresses_SignInUser" time="21.475" classname="MyAccount.TC05_NewUserLoggedIn_MyAddressesFunctionality_DefaultRecord"/>
  <system-out/>
</testsuite> <!-- MyAccount.TC05_NewUserLoggedIn_MyAddressesFunctionality_DefaultRecord -->
