<?xml version="1.0" encoding="UTF-8"?>
<!-- Generated by org.testng.reporters.JUnitReportReporter -->
<testsuite skipped="0" hostname="DESKTOP-3EINJNF" name="MyAccount.TC0001_ClearExcelData" tests="1" failures="0" timestamp="2020-05-23T17:13:19 BST" time="0.686" errors="0">
  <testcase name="CustomerRegistration" time="0.686" classname="MyAccount.TC0001_ClearExcelData"/>
  <system-out/>
</testsuite> <!-- MyAccount.TC0001_ClearExcelData -->
