<?xml version="1.0" encoding="UTF-8"?>
<!-- Generated by org.testng.reporters.JUnitReportReporter -->
<testsuite skipped="0" hostname="DESKTOP-3EINJNF" name="MyAccount.TC07_NewUserLoggedIn_MyWishListFunctionality_NoRecords" tests="1" failures="0" timestamp="2020-05-23T17:13:19 BST" time="21.132" errors="0">
  <testcase name="MyWishList_SignInUser" time="21.132" classname="MyAccount.TC07_NewUserLoggedIn_MyWishListFunctionality_NoRecords"/>
  <system-out/>
</testsuite> <!-- MyAccount.TC07_NewUserLoggedIn_MyWishListFunctionality_NoRecords -->
