<?xml version="1.0" encoding="UTF-8"?>
<!-- Generated by org.testng.reporters.JUnitReportReporter -->
<testsuite skipped="0" hostname="DESKTOP-3EINJNF" name="MyAccount.TC003_NavigateToSignInRegisterPage_NonRegisteredCustomer" tests="1" failures="0" timestamp="2020-05-23T17:13:19 BST" time="9.297" errors="0">
  <testcase name="Nav2SingInRegisterPage" time="9.297" classname="MyAccount.TC003_NavigateToSignInRegisterPage_NonRegisteredCustomer"/>
  <system-out/>
</testsuite> <!-- MyAccount.TC003_NavigateToSignInRegisterPage_NonRegisteredCustomer -->
