<?xml version="1.0" encoding="UTF-8"?>
<!-- Generated by org.testng.reporters.JUnitReportReporter -->
<testsuite skipped="0" hostname="DESKTOP-3EINJNF" name="MyAccount.TC003_NavigateToSignInRegisterPage" tests="1" failures="0" timestamp="2020-05-23T16:10:47 BST" time="9.341" errors="0">
  <testcase name="Nav2SingInRegisterPage" time="9.341" classname="MyAccount.TC003_NavigateToSignInRegisterPage"/>
  <system-out/>
</testsuite> <!-- MyAccount.TC003_NavigateToSignInRegisterPage -->
