<?xml version="1.0" encoding="UTF-8"?>
<!-- Generated by org.testng.reporters.JUnitReportReporter -->
<testsuite skipped="0" hostname="DESKTOP-3EINJNF" name="MyAccount.TC01_RegistrationFunctionalityWithExistingCustomer" tests="1" failures="0" timestamp="2020-05-23T17:13:19 BST" time="8.507" errors="0">
  <testcase name="CustomerRegistration_ExistingCustomer" time="8.507" classname="MyAccount.TC01_RegistrationFunctionalityWithExistingCustomer"/>
  <system-out/>
</testsuite> <!-- MyAccount.TC01_RegistrationFunctionalityWithExistingCustomer -->
