<?xml version="1.0" encoding="UTF-8"?>
<!-- Generated by org.testng.reporters.JUnitReportReporter -->
<testsuite skipped="0" hostname="DESKTOP-3EINJNF" name="MyAccount.TC06_NewUserLoggedIn_ViewPersonalInfoFunctionality_DefaultRecordInfo" tests="1" failures="0" timestamp="2020-05-23T17:13:19 BST" time="22.574" errors="0">
  <testcase name="ViewPersonalInfo_SignInUser" time="22.574" classname="MyAccount.TC06_NewUserLoggedIn_ViewPersonalInfoFunctionality_DefaultRecordInfo"/>
  <system-out/>
</testsuite> <!-- MyAccount.TC06_NewUserLoggedIn_ViewPersonalInfoFunctionality_DefaultRecordInfo -->
