<?xml version="1.0" encoding="UTF-8"?>
<!-- Generated by org.testng.reporters.JUnitReportReporter -->
<testsuite skipped="0" hostname="DESKTOP-3EINJNF" name="com.org.automationpractice.myECommerceProject.TC08_SingIn_CheckOrderHistoryFunctionality_NoRecords" tests="2" failures="0" timestamp="2020-05-21T17:06:33 BST" time="25.416" errors="0">
  <testcase name="OrderHistory_SignInUser" time="16.031" classname="com.org.automationpractice.myECommerceProject.TC08_SingIn_CheckOrderHistoryFunctionality_NoRecords"/>
  <system-out/>
  <testcase name="FinalChecks" time="9.385" classname="com.org.automationpractice.myECommerceProject.TC08_SingIn_CheckOrderHistoryFunctionality_NoRecords"/>
  <system-out/>
</testsuite> <!-- com.org.automationpractice.myECommerceProject.TC08_SingIn_CheckOrderHistoryFunctionality_NoRecords -->
