<?xml version="1.0" encoding="UTF-8"?>
<!-- Generated by org.testng.reporters.JUnitReportReporter -->
<testsuite skipped="0" hostname="DESKTOP-3EINJNF" name="com.org.automationpractice.myECommerceProject.TC10_SignIn_MyAddressesFunctionality_DefaultRecord" tests="2" failures="0" timestamp="2020-05-21T17:06:33 BST" time="23.379" errors="0">
  <testcase name="MYAddresses_SignInUser" time="16.455" classname="com.org.automationpractice.myECommerceProject.TC10_SignIn_MyAddressesFunctionality_DefaultRecord"/>
  <system-out/>
  <testcase name="FinalChecks" time="6.924" classname="com.org.automationpractice.myECommerceProject.TC10_SignIn_MyAddressesFunctionality_DefaultRecord"/>
  <system-out/>
</testsuite> <!-- com.org.automationpractice.myECommerceProject.TC10_SignIn_MyAddressesFunctionality_DefaultRecord -->
