<?xml version="1.0" encoding="UTF-8"?>
<!-- Generated by org.testng.reporters.JUnitReportReporter -->
<testsuite skipped="0" hostname="DESKTOP-3EINJNF" name="com.org.automationpractice.myECommerceProject.TC01_GenerateCustomerDatInExcel" tests="1" failures="0" timestamp="2020-05-23T13:08:40 BST" time="0.746" errors="0">
  <testcase name="CustomerDataGenerationInExcel" time="0.746" classname="com.org.automationpractice.myECommerceProject.TC01_GenerateCustomerDatInExcel"/>
  <system-out/>
</testsuite> <!-- com.org.automationpractice.myECommerceProject.TC01_GenerateCustomerDatInExcel -->
