<?xml version="1.0" encoding="UTF-8"?>
<!-- Generated by org.testng.reporters.JUnitReportReporter -->
<testsuite skipped="0" hostname="DESKTOP-3EINJNF" name="com.org.automationpractice.myECommerceProject.TC06_RegistrationFunctionalityWithExistingCustomer" tests="1" failures="0" timestamp="2020-05-20T15:07:24 BST" time="10.153" errors="0">
  <testcase name="CustomerRegistration_ExistingCustomer" time="10.153" classname="com.org.automationpractice.myECommerceProject.TC06_RegistrationFunctionalityWithExistingCustomer"/>
  <system-out/>
</testsuite> <!-- com.org.automationpractice.myECommerceProject.TC06_RegistrationFunctionalityWithExistingCustomer -->
