<?xml version="1.0" encoding="UTF-8"?>
<!-- Generated by org.testng.reporters.JUnitReportReporter -->
<testsuite skipped="0" hostname="DESKTOP-3EINJNF" name="MyAccount.TC04_NewUserLoggedIn_MyCreditSlipsFunctionality_NoRecords" tests="1" failures="0" timestamp="2020-05-23T17:13:19 BST" time="21.064" errors="0">
  <testcase name="MyCreditSlips_SignInUser" time="21.064" classname="MyAccount.TC04_NewUserLoggedIn_MyCreditSlipsFunctionality_NoRecords"/>
  <system-out/>
</testsuite> <!-- MyAccount.TC04_NewUserLoggedIn_MyCreditSlipsFunctionality_NoRecords -->
