<?xml version="1.0" encoding="UTF-8"?>
<!-- Generated by org.testng.reporters.JUnitReportReporter -->
<testsuite skipped="0" hostname="DESKTOP-3EINJNF" name="com.org.automationpractice.myECommerceProject.TC12_SingIn_MyWishListFunctionality_NoRecords" tests="2" failures="0" timestamp="2020-05-21T17:06:33 BST" time="24.574" errors="0">
  <testcase name="MyWishList_SignInUser" time="17.727" classname="com.org.automationpractice.myECommerceProject.TC12_SingIn_MyWishListFunctionality_NoRecords"/>
  <system-out/>
  <testcase name="FinalChecks" time="6.847" classname="com.org.automationpractice.myECommerceProject.TC12_SingIn_MyWishListFunctionality_NoRecords"/>
  <system-out/>
</testsuite> <!-- com.org.automationpractice.myECommerceProject.TC12_SingIn_MyWishListFunctionality_NoRecords -->
