<?xml version="1.0" encoding="UTF-8"?>
<!-- Generated by org.testng.reporters.JUnitReportReporter -->
<testsuite skipped="0" hostname="DESKTOP-3EINJNF" name="MyAccount.TC02_CustomerRegistration" tests="1" failures="0" timestamp="2020-05-23T18:37:25 BST" time="30.898" errors="0">
  <testcase name="CustomerRegistration" time="30.898" classname="MyAccount.TC02_CustomerRegistration"/>
  <system-out/>
</testsuite> <!-- MyAccount.TC02_CustomerRegistration -->
