<?xml version="1.0" encoding="UTF-8"?>
<!-- Generated by org.testng.reporters.JUnitReportReporter -->
<testsuite skipped="0" hostname="DESKTOP-3EINJNF" name="com.org.automationpractice.myECommerceProject.TC03_NavigateToContactUsPage" tests="1" failures="0" timestamp="2020-05-20T15:07:24 BST" time="9.151" errors="0">
  <testcase name="Nav2ContactUsPage" time="9.151" classname="com.org.automationpractice.myECommerceProject.TC03_NavigateToContactUsPage"/>
  <system-out/>
</testsuite> <!-- com.org.automationpractice.myECommerceProject.TC03_NavigateToContactUsPage -->
