<?xml version="1.0" encoding="UTF-8"?>
<!-- Generated by org.testng.reporters.JUnitReportReporter -->
<testsuite skipped="0" hostname="DESKTOP-3EINJNF" name="com.org.automationpractice.myECommerceProject.TC04_NavigateToCartPageWhenEmpty" tests="1" failures="0" timestamp="2020-05-20T15:07:24 BST" time="10.253" errors="0">
  <testcase name="Nav2CartPageWhenEmpty" time="10.253" classname="com.org.automationpractice.myECommerceProject.TC04_NavigateToCartPageWhenEmpty"/>
  <system-out/>
</testsuite> <!-- com.org.automationpractice.myECommerceProject.TC04_NavigateToCartPageWhenEmpty -->
