<?xml version="1.0" encoding="UTF-8"?>
<!-- Generated by org.testng.reporters.JUnitReportReporter -->
<testsuite skipped="0" hostname="DESKTOP-3EINJNF" name="com.org.automationpractice.myECommerceProject.TC02_LaunchingBrowser" tests="1" failures="0" timestamp="2020-05-19T13:41:32 BST" time="5.677" errors="0">
  <testcase name="LaunchBrowser" time="5.677" classname="com.org.automationpractice.myECommerceProject.TC02_LaunchingBrowser"/>
  <system-out/>
</testsuite> <!-- com.org.automationpractice.myECommerceProject.TC02_LaunchingBrowser -->
